<?xml version="1.0" encoding="UTF-8"?>
<testng-results skipped="0" failed="0" ignored="0" total="1" passed="1">
  <reporter-output>
  </reporter-output>
  <suite name="Default suite" duration-ms="45092" started-at="2020-06-23T17:00:26Z" finished-at="2020-06-23T17:01:11Z">
    <groups>
    </groups>
    <test name="Default test" duration-ms="45092" started-at="2020-06-23T17:00:26Z" finished-at="2020-06-23T17:01:11Z">
      <class name="rsaha.learn.SelTestin.SamTest">
        <test-method status="PASS" signature="TestMthd()[pri:0, instance:rsaha.learn.SelTestin.SamTest@75f9eccc]" name="TestMthd" duration-ms="44966" started-at="2020-06-23T17:00:26Z" finished-at="2020-06-23T17:01:11Z">
          <reporter-output>
          </reporter-output>
        </test-method> <!-- TestMthd -->
      </class> <!-- rsaha.learn.SelTestin.SamTest -->
    </test> <!-- Default test -->
  </suite> <!-- Default suite -->
</testng-results>
